<html>
<head>
<title>TestNG:  Default test</title>
<link href="../testng.css" rel="stylesheet" type="text/css" />
<link href="../my-testng.css" rel="stylesheet" type="text/css" />

<style type="text/css">
.log { display: none;} 
.stack-trace { display: none;} 
</style>
<script type="text/javascript">
<!--
function flip(e) {
  current = e.style.display;
  if (current == 'block') {
    e.style.display = 'none';
    return 0;
  }
  else {
    e.style.display = 'block';
    return 1;
  }
}

function toggleBox(szDivId, elem, msg1, msg2)
{
  var res = -1;  if (document.getElementById) {
    res = flip(document.getElementById(szDivId));
  }
  else if (document.all) {
    // this is the way old msie versions work
    res = flip(document.all[szDivId]);
  }
  if(elem) {
    if(res == 0) elem.innerHTML = msg1; else elem.innerHTML = msg2;
  }

}

function toggleAllBoxes() {
  if (document.getElementsByTagName) {
    d = document.getElementsByTagName('div');
    for (i = 0; i < d.length; i++) {
      if (d[i].className == 'log') {
        flip(d[i]);
      }
    }
  }
}

// -->
</script>

</head>
<body>
<h2 align='center'>Default test</h2><table border='1' align="center">
<tr>
<td>Tests passed/Failed/Skipped:</td><td>0/1/0</td>
</tr><tr>
<td>Started on:</td><td>Mon Nov 30 17:21:25 GMT 2020</td>
</tr>
<tr><td>Total time:</td><td>66 seconds (66416 ms)</td>
</tr><tr>
<td>Included groups:</td><td></td>
</tr><tr>
<td>Excluded groups:</td><td></td>
</tr>
</table><p/>
<small><i>(Hover the method name to see the test class name)</i></small><p/>
<table width='100%' border='1' class='invocation-failed'>
<tr><td colspan='4' align='center'><b>FAILED TESTS</b></td></tr>
<tr><td><b>Test method</b></td>
<td width="30%"><b>Exception</b></td>
<td width="10%"><b>Time (seconds)</b></td>
<td><b>Instance</b></td>
</tr>
<tr>
<td title='com.cucumberFramework.testRunner.TestRunner1.feature()'><b>feature</b><br>Test class: com.cucumberFramework.testRunner.TestRunner1<br>Test method: Runs cucmber Features<br>Parameters: As a Ryanair user I login, attempt to make book a flight and payment is declined</td>
<td><div><pre>cucumber.runtime.CucumberException: junit.framework.AssertionFailedError: Unable to wait and click on the WebElement, using locator: &lt;[[ChromeDriver: chrome on XP (93d68208f487cc7b0b3aa677a85ef390)] -&gt; xpath: (//div[@class=&apos;_label&apos;])[2]]&gt;
	at cucumber.api.testng.TestNGCucumberRunner.runCucumber(TestNGCucumberRunner.java:69)
	at com.cucumberFramework.testRunner.TestRunner1.feature(TestRunner1.java:27)
	at sun.reflect.NativeMethodAccessorImpl.invoke0(Native Method)
	at sun.reflect.NativeMethodAccessorImpl.invoke(NativeMethodAccessorImpl.java:62)
	at sun.reflect.DelegatingMethodAccessorImpl.invoke(DelegatingMethodAccessorImpl.java:43)
	at java.lang.reflect.Method.invoke(Method.java:498)
	at org.testng.internal.MethodInvocationHelper.invokeMethod(MethodInvocationHelper.java:86)
	at org.testng.internal.Invoker.invokeMethod(Invoker.java:643)
	at org.testng.internal.Invoker.invokeTestMethod(Invoker.java:820)
	at org.testng.internal.Invoker.invokeTestMethods(Invoker.java:1128)
	at org.testng.internal.TestMethodWorker.invokeTestMethods(TestMethodWorker.java:129)
	at org.testng.internal.TestMethodWorker.run(TestMethodWorker.java:112)
	at org.testng.TestRunner.privateRun(TestRunner.java:782)
	at org.testng.TestRunner.run(TestRunner.java:632)
	at org.testng.SuiteRunner.runTest(SuiteRunner.java:366)
	at org.testng.SuiteRunner.runSequentially(SuiteRunner.java:361)
	at org.testng.SuiteRunner.privateRun(SuiteRunner.java:319)
	at org.testng.SuiteRunner.run(SuiteRunner.java:268)
	at org.testng.SuiteRunnerWorker.runSuite(SuiteRunnerWorker.java:52)
	at org.testng.SuiteRunnerWorker.run(SuiteRunnerWorker.java:86)
	at org.testng.TestNG.runSuitesSequentially(TestNG.java:1244)
	at org.testng.TestNG.runSuitesLocally(TestNG.java:1169)
	at org.testng.TestNG.run(TestNG.java:1064)
	at org.testng.remote.AbstractRemoteTestNG.run(AbstractRemoteTestNG.java:115)
	at org.testng.remote.RemoteTestNG.initAndRun(RemoteTestNG.java:251)
	at org.testng.remote.RemoteTestNG.main(RemoteTestNG.java:77)
Caused by: junit.framework.AssertionFailedError: Unable to wait and click on the WebElement, using locator: &lt;[[ChromeDriver: chrome on XP (93d68208f487cc7b0b3aa677a85ef390)] -&gt; xpath: (//div[@class=&apos;_label&apos;])[2]]&gt;
	at junit.framework.Assert.fail(Assert.java:57)
	at com.cucumberFramework.helper.SeleniumUtils.waitAndClickElement(SeleniumUtils.java:64)
	at com.cucumberFramework.pageObjects.ContactDetailsPage.enterPhoneNumberAndUnCheckBoxes(ContactDetailsPage.java:146)
	at com.cucumberFramework.pageObjects.ContactDetailsPage.enterCardDetailsAndClickPayNow(ContactDetailsPage.java:102)
	at com.cucumberFramework.stepdefinitions.RyanAirProjectStepDefinitions.IPayForBookingWithCardDetails(RyanAirProjectStepDefinitions.java:55)
	at ?.When I pay for booking with card details &quot;5555 5555 5555 5557&quot; , 10/21 and &quot;265&quot;(src/test/resources/features/ryanair/ryanair_payment_test.feature:5)
</pre></div><a href='#' onClick='toggleBox("stack-trace1404669942", this, "Click to show all stack frames", "Click to hide stack frames")'>Click to show all stack frames</a>
<div class='stack-trace' id='stack-trace1404669942'><pre>cucumber.runtime.CucumberException: junit.framework.AssertionFailedError: Unable to wait and click on the WebElement, using locator: &lt;[[ChromeDriver: chrome on XP (93d68208f487cc7b0b3aa677a85ef390)] -&gt; xpath: (//div[@class=&apos;_label&apos;])[2]]&gt;
	at cucumber.api.testng.TestNGCucumberRunner.runCucumber(TestNGCucumberRunner.java:69)
	at com.cucumberFramework.testRunner.TestRunner1.feature(TestRunner1.java:27)
	at sun.reflect.NativeMethodAccessorImpl.invoke0(Native Method)
	at sun.reflect.NativeMethodAccessorImpl.invoke(NativeMethodAccessorImpl.java:62)
	at sun.reflect.DelegatingMethodAccessorImpl.invoke(DelegatingMethodAccessorImpl.java:43)
	at java.lang.reflect.Method.invoke(Method.java:498)
	at org.testng.internal.MethodInvocationHelper.invokeMethod(MethodInvocationHelper.java:86)
	at org.testng.internal.Invoker.invokeMethod(Invoker.java:643)
	at org.testng.internal.Invoker.invokeTestMethod(Invoker.java:820)
	at org.testng.internal.Invoker.invokeTestMethods(Invoker.java:1128)
	at org.testng.internal.TestMethodWorker.invokeTestMethods(TestMethodWorker.java:129)
	at org.testng.internal.TestMethodWorker.run(TestMethodWorker.java:112)
	at org.testng.TestRunner.privateRun(TestRunner.java:782)
	at org.testng.TestRunner.run(TestRunner.java:632)
	at org.testng.SuiteRunner.runTest(SuiteRunner.java:366)
	at org.testng.SuiteRunner.runSequentially(SuiteRunner.java:361)
	at org.testng.SuiteRunner.privateRun(SuiteRunner.java:319)
	at org.testng.SuiteRunner.run(SuiteRunner.java:268)
	at org.testng.SuiteRunnerWorker.runSuite(SuiteRunnerWorker.java:52)
	at org.testng.SuiteRunnerWorker.run(SuiteRunnerWorker.java:86)
	at org.testng.TestNG.runSuitesSequentially(TestNG.java:1244)
	at org.testng.TestNG.runSuitesLocally(TestNG.java:1169)
	at org.testng.TestNG.run(TestNG.java:1064)
	at org.testng.remote.AbstractRemoteTestNG.run(AbstractRemoteTestNG.java:115)
	at org.testng.remote.RemoteTestNG.initAndRun(RemoteTestNG.java:251)
	at org.testng.remote.RemoteTestNG.main(RemoteTestNG.java:77)
Caused by: junit.framework.AssertionFailedError: Unable to wait and click on the WebElement, using locator: &lt;[[ChromeDriver: chrome on XP (93d68208f487cc7b0b3aa677a85ef390)] -&gt; xpath: (//div[@class=&apos;_label&apos;])[2]]&gt;
	at junit.framework.Assert.fail(Assert.java:57)
	at com.cucumberFramework.helper.SeleniumUtils.waitAndClickElement(SeleniumUtils.java:64)
	at com.cucumberFramework.pageObjects.ContactDetailsPage.enterPhoneNumberAndUnCheckBoxes(ContactDetailsPage.java:146)
	at com.cucumberFramework.pageObjects.ContactDetailsPage.enterCardDetailsAndClickPayNow(ContactDetailsPage.java:102)
	at com.cucumberFramework.stepdefinitions.RyanAirProjectStepDefinitions.IPayForBookingWithCardDetails(RyanAirProjectStepDefinitions.java:55)
	at ?.When I pay for booking with card details &quot;5555 5555 5555 5557&quot; , 10/21 and &quot;265&quot;(src/test/resources/features/ryanair/ryanair_payment_test.feature:5)
</pre></div></td>
<td>66</td>
<td>com.cucumberFramework.testRunner.TestRunner1@2f686d1f</td></tr>
</table><p>
</body>
</html>