<?xml version="1.0" encoding="UTF-8"?>
<!-- Generated by org.testng.reporters.JUnitReportReporter -->
<testsuite hostname="ND9VS3X2" name="com.cucumberFramework.testRunner.TestRunner" tests="1" failures="0" timestamp="30 Nov 2020 16:19:26 GMT" time="64.005" errors="1">
  <testcase name="feature" time="64.005" classname="com.cucumberFramework.testRunner.TestRunner">
    <error type="cucumber.runtime.CucumberException" message="junit.framework.AssertionFailedError: Unable to wait and click on the WebElement, using locator: &lt;[[ChromeDriver: chrome on XP (e7bd370877ad11520bbcda70ac27ec1e)] -&gt; xpath: (//div[@class=&#039;_label&#039;])[2]]&gt;">
      <![CDATA[cucumber.runtime.CucumberException: junit.framework.AssertionFailedError: Unable to wait and click on the WebElement, using locator: <[[ChromeDriver: chrome on XP (e7bd370877ad11520bbcda70ac27ec1e)] -> xpath: (//div[@class='_label'])[2]]]]><![CDATA[>
	at cucumber.api.testng.TestNGCucumberRunner.runCucumber(TestNGCucumberRunner.java:69)
	at com.cucumberFramework.testRunner.TestRunner.feature(TestRunner.java:27)
	at sun.reflect.NativeMethodAccessorImpl.invoke0(Native Method)
	at sun.reflect.NativeMethodAccessorImpl.invoke(NativeMethodAccessorImpl.java:62)
	at sun.reflect.DelegatingMethodAccessorImpl.invoke(DelegatingMethodAccessorImpl.java:43)
	at java.lang.reflect.Method.invoke(Method.java:498)
	at org.testng.internal.MethodInvocationHelper.invokeMethod(MethodInvocationHelper.java:86)
	at org.testng.internal.Invoker.invokeMethod(Invoker.java:643)
	at org.testng.internal.Invoker.invokeTestMethod(Invoker.java:820)
	at org.testng.internal.Invoker.invokeTestMethods(Invoker.java:1128)
	at org.testng.internal.TestMethodWorker.invokeTestMethods(TestMethodWorker.java:129)
	at org.testng.internal.TestMethodWorker.run(TestMethodWorker.java:112)
	at org.testng.TestRunner.privateRun(TestRunner.java:782)
	at org.testng.TestRunner.run(TestRunner.java:632)
	at org.testng.SuiteRunner.runTest(SuiteRunner.java:366)
	at org.testng.SuiteRunner.runSequentially(SuiteRunner.java:361)
	at org.testng.SuiteRunner.privateRun(SuiteRunner.java:319)
	at org.testng.SuiteRunner.run(SuiteRunner.java:268)
	at org.testng.SuiteRunnerWorker.runSuite(SuiteRunnerWorker.java:52)
	at org.testng.SuiteRunnerWorker.run(SuiteRunnerWorker.java:86)
	at org.testng.TestNG.runSuitesSequentially(TestNG.java:1244)
	at org.testng.TestNG.runSuitesLocally(TestNG.java:1169)
	at org.testng.TestNG.run(TestNG.java:1064)
	at org.testng.remote.AbstractRemoteTestNG.run(AbstractRemoteTestNG.java:115)
	at org.testng.remote.RemoteTestNG.initAndRun(RemoteTestNG.java:251)
	at org.testng.remote.RemoteTestNG.main(RemoteTestNG.java:77)
Caused by: junit.framework.AssertionFailedError: Unable to wait and click on the WebElement, using locator: <[[ChromeDriver: chrome on XP (e7bd370877ad11520bbcda70ac27ec1e)] -> xpath: (//div[@class='_label'])[2]]]]><![CDATA[>
	at junit.framework.Assert.fail(Assert.java:57)
	at com.cucumberFramework.helper.SeleniumUtils.waitAndClickElement(SeleniumUtils.java:64)
	at com.cucumberFramework.pageObjects.ContactDetailsPage.enterPhoneNumberAndUnCheckBoxes(ContactDetailsPage.java:143)
	at com.cucumberFramework.pageObjects.ContactDetailsPage.enterCardDetailsAndClickPayNow(ContactDetailsPage.java:99)
	at com.cucumberFramework.stepdefinitions.RyanAirProjectStepDefinitions.IPayForBookingWithCardDetails(RyanAirProjectStepDefinitions.java:55)
	at âœ½.When I pay for booking with card details "5555 5555 5555 5557" , 10/21 and "265"(src/test/resources/features/example/example_payment_decline.feature:12)
]]>
    </error>
  </testcase> <!-- feature -->
</testsuite> <!-- com.cucumberFramework.testRunner.TestRunner -->
